生成启动时间为 2018/10/18 20:28:12。
     1>项目“D:\CHY.cpp\分数序列和（选做）\分数序列和（选做）\分数序列和（选做）.vcxproj”在节点 2 上(build 个目标)。
     1>InitializeBuildStatus:
         正在对“Debug\分数序列和（选做）.unsuccessfulbuild”执行 Touch 任务。
       ClCompile:
         D:\ProgramFlies\VC\bin\CL.exe /c /ZI /nologo /W3 /WX- /Od /Oy- /D _UNICODE /D UNICODE /Gm /EHsc /RTC1 /MDd /GS /fp:precise /Zc:wchar_t /Zc:forScope /Fo"Debug\\" /Fd"Debug\vc100.pdb" /Gd /TP /analyze- /errorReport:prompt "分数序列和（选做）.cpp"
         分数序列和（选做）.cpp
     1>d:\chy.cpp\分数序列和（选做）\分数序列和（选做）\分数序列和（选做）.cpp(6): warning C4996: 'scanf': This function or variable may be unsafe. Consider using scanf_s instead. To disable deprecation, use _CRT_SECURE_NO_WARNINGS. See online help for details.
                 d:\programflies\vc\include\stdio.h(304) : 参见“scanf”的声明
     1>d:\chy.cpp\分数序列和（选做）\分数序列和（选做）\分数序列和（选做）.cpp(22): error C2065: “sum”: 未声明的标识符
     1>d:\chy.cpp\分数序列和（选做）\分数序列和（选做）\分数序列和（选做）.cpp(22): error C4430: 缺少类型说明符 - 假定为 int。注意: C++ 不支持默认 int
     1>d:\chy.cpp\分数序列和（选做）\分数序列和（选做）\分数序列和（选做）.cpp(22): error C2365: “printf”: 重定义；以前的定义是“函数”
                 d:\programflies\vc\include\stdio.h(285) : 参见“printf”的声明
     1>d:\chy.cpp\分数序列和（选做）\分数序列和（选做）\分数序列和（选做）.cpp(22): error C2078: 初始值设定项太多
     1>d:\chy.cpp\分数序列和（选做）\分数序列和（选做）\分数序列和（选做）.cpp(22): error C2059: 语法错误:“}”
     1>d:\chy.cpp\分数序列和（选做）\分数序列和（选做）\分数序列和（选做）.cpp(22): error C2143: 语法错误 : 缺少“;”(在“}”的前面)
     1>d:\chy.cpp\分数序列和（选做）\分数序列和（选做）\分数序列和（选做）.cpp(22): error C2059: 语法错误:“}”
     1>d:\chy.cpp\分数序列和（选做）\分数序列和（选做）\分数序列和（选做）.cpp(24): error C2059: 语法错误:“}”
     1>d:\chy.cpp\分数序列和（选做）\分数序列和（选做）\分数序列和（选做）.cpp(24): error C2143: 语法错误 : 缺少“;”(在“}”的前面)
     1>d:\chy.cpp\分数序列和（选做）\分数序列和（选做）\分数序列和（选做）.cpp(24): error C2059: 语法错误:“}”
     1>已完成生成项目“D:\CHY.cpp\分数序列和（选做）\分数序列和（选做）\分数序列和（选做）.vcxproj”(build 个目标)的操作 - 失败。

生成失败。

已用时间 00:00:00.11
